\BOOKMARK [1][-]{section.1}{Summary}{}% 1
\BOOKMARK [1][-]{section.2}{The Science Ecosystem}{}% 2
\BOOKMARK [1][-]{section.3}{Robhoot Design Goals}{}% 3
\BOOKMARK [2][-]{subsection.3.1}{Deep learning networks}{section.3}% 4
\BOOKMARK [2][-]{subsection.3.2}{Distributed ledger network}{section.3}% 5
\BOOKMARK [2][-]{subsection.3.3}{DeepKlen 1.0}{section.3}% 6
\BOOKMARK [2][-]{subsection.3.4}{Robhoot 1.0}{section.3}% 7
\BOOKMARK [1][-]{section.4}{The multilayer nature of Robhoot}{}% 8
\BOOKMARK [2][-]{subsection.4.1}{Data integration}{section.4}% 9
\BOOKMARK [2][-]{subsection.4.2}{Complexity reduction}{section.4}% 10
\BOOKMARK [2][-]{subsection.4.3}{Inference}{section.4}% 11
\BOOKMARK [2][-]{subsection.4.4}{Validation}{section.4}% 12
\BOOKMARK [2][-]{subsection.4.5}{Visualization}{section.4}% 13
\BOOKMARK [2][-]{subsection.4.6}{Reporting}{section.4}% 14
\BOOKMARK [1][-]{section.5}{Robhoot in Digital Ecosystems}{}% 15
\BOOKMARK [2][-]{subsection.5.1}{Computing Power}{section.5}% 16
\BOOKMARK [2][-]{subsection.5.2}{Decentralization}{section.5}% 17
\BOOKMARK [2][-]{subsection.5.3}{Neural Networks}{section.5}% 18
\BOOKMARK [1][-]{section.6}{How to contribute to Robhoot}{}% 19
\BOOKMARK [1][-]{section.7}{The Robhoot roadmap}{}% 20
\BOOKMARK [1][-]{section.8}{Conclusion}{}% 21
