\BOOKMARK [1][-]{section.1}{General Information}{}% 1
\BOOKMARK [2][-]{subsection.1.1}{Applicant Entity}{section.1}% 2
\BOOKMARK [2][-]{subsection.1.2}{Applicant Entity Tax ID Number \( NIF/CIF\)}{section.1}% 3
\BOOKMARK [2][-]{subsection.1.3}{Project title \(maximum characters: 100\)}{section.1}% 4
\BOOKMARK [2][-]{subsection.1.4}{Project acronym}{section.1}% 5
\BOOKMARK [2][-]{subsection.1.5}{Name of the project leader}{section.1}% 6
\BOOKMARK [2][-]{subsection.1.6}{Select the business area}{section.1}% 7
\BOOKMARK [2][-]{subsection.1.7}{Participation of the project in other ''la Caixa'' Foundation Calls}{section.1}% 8
\BOOKMARK [2][-]{subsection.1.8}{What is the protection status of the Asset\(s\)?}{section.1}% 9
\BOOKMARK [2][-]{subsection.1.9}{Time to market}{section.1}% 10
\BOOKMARK [1][-]{section.2}{Technology Readiness Level \(TRL\)}{}% 11
\BOOKMARK [2][-]{subsection.2.1}{Has the Asset\(s\) been transferred to a Spin-off company?}{section.2}% 12
\BOOKMARK [2][-]{subsection.2.2}{Amount requested from the "la Caixa'' Foundation}{section.2}% 13
\BOOKMARK [2][-]{subsection.2.3}{Describe the core idea of your application in one sentence}{section.2}% 14
\BOOKMARK [2][-]{subsection.2.4}{Abstract}{section.2}% 15
\BOOKMARK [1][-]{section.3}{Scientific and technical feasibility}{}% 16
\BOOKMARK [2][-]{subsection.3.1}{What are the scientific fundamentals underlying your idea? Have you performed a proof of concept validation?}{section.3}% 17
\BOOKMARK [2][-]{subsection.3.2}{Describe how the Project\220s Leader knowledge and experience in field of the Asset\(s\) would contribute to the success of the Project. Discuss it in the context of the composition and the relevancy of the rest of the team members.}{section.3}% 18
\BOOKMARK [2][-]{subsection.3.3}{Has your Asset\(s\) been under evaluation by other funding programmes prior to this call \(an object of research grants or other innovation or acceleration programmes\)? Please detail the most relevant ones}{section.3}% 19
\BOOKMARK [1][-]{section.4}{Transferability and market potential}{}% 20
\BOOKMARK [2][-]{subsection.4.1}{According to the stage of development of the Asset\(s\), what are the identified needs and determinants that currently condition its successful progression to the commercialisation phases?}{section.4}% 21
\BOOKMARK [2][-]{subsection.4.2}{Describe the specific innovation transfer milestones you wish to achieve by participating in this Call in terms of time-to-market}{section.4}% 22
\BOOKMARK [2][-]{subsection.4.3}{Who are your end-users? What is the market segment and the market size you are addressing?}{section.4}% 23
\BOOKMARK [1][-]{section.5}{Societal relevance and potential impact}{}% 24
\BOOKMARK [2][-]{subsection.5.1}{What is the unmet need you aim to address and why is it timely and relevant?}{section.5}% 25
\BOOKMARK [2][-]{subsection.5.2}{What potential impact will your solution have? \(maximum characters: 1500\)}{section.5}% 26
\BOOKMARK [2][-]{subsection.5.3}{What are the available solutions that currently address the specific problem you aim to solve?}{section.5}% 27
\BOOKMARK [2][-]{subsection.5.4}{What is the innovation of your solution? Who will be the main beneficiaries of your solution? \(maximum characters: 1500\)}{section.5}% 28
\BOOKMARK [1][-]{section.6}{Additional Documentation}{}% 29
