\BOOKMARK [1][-]{section.1}{Excellence}{}% 1
\BOOKMARK [2][-]{subsection.1.1}{Radical vision of a science-enabled technology}{section.1}% 2
\BOOKMARK [2][-]{subsection.1.2}{Science-to-technology breakthrough that addresses this vision}{section.1}% 3
\BOOKMARK [2][-]{subsection.1.3}{Interdisciplinarity and non-incrementality of the research proposed}{section.1}% 4
\BOOKMARK [2][-]{subsection.1.4}{High risk, plausibility and flexibility of the research approach}{section.1}% 5
\BOOKMARK [1][-]{section.2}{Impact}{}% 6
\BOOKMARK [2][-]{subsection.2.1}{Expected impacts}{section.2}% 7
\BOOKMARK [2][-]{subsection.2.2}{Measures to maximise impact}{section.2}% 8
\BOOKMARK [1][-]{section.3}{Implementation}{}% 9
\BOOKMARK [2][-]{subsection.3.1}{ROBHOOT v.1.0: Automated Research Cycle}{section.3}% 10
\BOOKMARK [2][-]{subsection.3.2}{ROBHOOT v.2.0: \040Reproducible Knowledge Graphs}{section.3}% 11
\BOOKMARK [2][-]{subsection.3.3}{ROBHOOT v.3.0: \040Deep learning networks}{section.3}% 12
\BOOKMARK [2][-]{subsection.3.4}{ROBHOOT v.4.0: \040Distributed ledger network}{section.3}% 13
\BOOKMARK [2][-]{subsection.3.5}{Research methodology and work plan \205 Work packages, deliverables}{section.3}% 14
\BOOKMARK [2][-]{subsection.3.6}{Management structure, milestones and procedures}{section.3}% 15
\BOOKMARK [2][-]{subsection.3.7}{Consortium as a whole}{section.3}% 16
\BOOKMARK [2][-]{subsection.3.8}{Resources to be committed}{section.3}% 17
\BOOKMARK [1][-]{section.4}{Members of the consortium}{}% 18
\BOOKMARK [2][-]{subsection.4.1}{Participants \(applicants\)}{section.4}% 19
\BOOKMARK [2][-]{subsection.4.2}{Third parties involved in the project \(including use of third party resources\)}{section.4}% 20
\BOOKMARK [1][-]{section.5}{Ethics and Security}{}% 21
\BOOKMARK [2][-]{subsection.5.1}{Ethics}{section.5}% 22
\BOOKMARK [2][-]{subsection.5.2}{Security}{section.5}% 23
